<?xml version="1.0" encoding="UTF-8"?>
<!-- Generated by org.testng.reporters.JUnitReportReporter -->
<testsuite hostname="LIN-5CG3013FY9" failures="0" tests="4" name="Tests.JEFS_ManageCases" time="171.249" errors="0" timestamp="2025-09-17T15:34:23 IST" skipped="0">
  <testcase classname="Tests.JEFS_ManageCases" name="ManageCases_AllFirmDocuments_Search" time="42.092"/>
  <testcase classname="Tests.JEFS_ManageCases" name="ManageCases_AllFirmCases_Search" time="42.613"/>
  <testcase classname="Tests.JEFS_ManageCases" name="ManageCases_MyCase_Search" time="46.739"/>
  <testcase classname="Tests.JEFS_ManageCases" name="ManageCases_MyDocuments_Search" time="39.805"/>
</testsuite> <!-- Tests.JEFS_ManageCases -->
